{
  "RSpec": {
    "coverage": {
      "/home/vlakanie/GitHub/ratebeer/app/models/rating.rb": [
        1,
        1,
        1,
        null,
        2,
        null,
        1,
        null,
        null,
        null,
        1,
        20,
        20,
        null,
        null
      ],
      "/home/vlakanie/GitHub/ratebeer/app/helpers/application_helper.rb": [
        1,
        null
      ],
      "/home/vlakanie/GitHub/ratebeer/app/helpers/beer_clubs_helper.rb": [
        1,
        null
      ],
      "/home/vlakanie/GitHub/ratebeer/app/helpers/beers_helper.rb": [
        1,
        null
      ],
      "/home/vlakanie/GitHub/ratebeer/app/helpers/breweries_helper.rb": [
        1,
        null
      ],
      "/home/vlakanie/GitHub/ratebeer/app/helpers/memberships_helper.rb": [
        1,
        null
      ],
      "/home/vlakanie/GitHub/ratebeer/app/helpers/styles_helper.rb": [
        1,
        null
      ],
      "/home/vlakanie/GitHub/ratebeer/app/helpers/users_helper.rb": [
        1,
        null
      ],
      "/home/vlakanie/GitHub/ratebeer/app/models/beer.rb": [
        1,
        1,
        null,
        1,
        1,
        null,
        1,
        1,
        null,
        1,
        1,
        null,
        1,
        2,
        null,
        null,
        1,
        3,
        null,
        null,
        null
      ],
      "/home/vlakanie/GitHub/ratebeer/lib/rating_average.rb": [
        1,
        1,
        null,
        1,
        17,
        null,
        null
      ],
      "/home/vlakanie/GitHub/ratebeer/app/models/brewery.rb": [
        1,
        1,
        null,
        1,
        1,
        null,
        1,
        1,
        null,
        47,
        null,
        4,
        4,
        null,
        1,
        0,
        0,
        0,
        null,
        null,
        1,
        2,
        null,
        null,
        null
      ],
      "/home/vlakanie/GitHub/ratebeer/app/models/user.rb": [
        1,
        1,
        null,
        1,
        null,
        1,
        1,
        1,
        1,
        null,
        1,
        1,
        null,
        1,
        2,
        null,
        null,
        1,
        5,
        4,
        null,
        null,
        1,
        10,
        null,
        9,
        9,
        null,
        9,
        28,
        null,
        28,
        13,
        13,
        null,
        15,
        15,
        null,
        null,
        null,
        9,
        null,
        22,
        null,
        9,
        null,
        null,
        1,
        10,
        null,
        9,
        9,
        null,
        9,
        26,
        null,
        26,
        20,
        20,
        null,
        6,
        6,
        null,
        null,
        null,
        9,
        null,
        29,
        null,
        null,
        1,
        18,
        null,
        18,
        33,
        null,
        null,
        18,
        null,
        null,
        1,
        26,
        26,
        null,
        null,
        1,
        28,
        28,
        null,
        28,
        null,
        null,
        null
      ],
      "/home/vlakanie/GitHub/ratebeer/app/models/style.rb": [
        1,
        1,
        null,
        1,
        1,
        null,
        1,
        3,
        null,
        null
      ],
      "/home/vlakanie/GitHub/ratebeer/app/controllers/sessions_controller.rb": [
        1,
        1,
        null,
        null,
        null,
        1,
        8,
        null,
        8,
        7,
        7,
        null,
        1,
        null,
        null,
        null,
        1,
        null,
        0,
        null,
        0,
        null,
        null
      ],
      "/home/vlakanie/GitHub/ratebeer/app/controllers/application_controller.rb": [
        1,
        null,
        null,
        1,
        null,
        1,
        null,
        1,
        112,
        78,
        null,
        null,
        1,
        4,
        null,
        null
      ],
      "/home/vlakanie/GitHub/ratebeer/app/controllers/users_controller.rb": [
        1,
        1,
        null,
        null,
        null,
        1,
        0,
        null,
        null,
        null,
        null,
        1,
        null,
        null,
        null,
        1,
        1,
        null,
        null,
        null,
        1,
        null,
        null,
        null,
        null,
        1,
        1,
        null,
        1,
        1,
        2,
        1,
        null,
        0,
        0,
        null,
        null,
        null,
        null,
        null,
        null,
        1,
        0,
        0,
        0,
        0,
        null,
        0,
        0,
        null,
        null,
        null,
        null,
        null,
        null,
        1,
        0,
        null,
        0,
        null,
        0,
        0,
        0,
        null,
        null,
        null,
        1,
        null,
        1,
        14,
        null,
        null,
        null,
        1,
        1,
        null,
        null
      ],
      "/home/vlakanie/GitHub/ratebeer/app/models/membership.rb": [
        1,
        1,
        1,
        null,
        1,
        null
      ],
      "/home/vlakanie/GitHub/ratebeer/app/models/beer_club.rb": [
        1,
        1,
        1,
        null,
        1,
        1,
        1,
        null,
        1,
        0,
        null,
        null
      ],
      "/home/vlakanie/GitHub/ratebeer/app/controllers/beers_controller.rb": [
        1,
        1,
        1,
        1,
        null,
        null,
        null,
        1,
        1,
        null,
        null,
        null,
        null,
        1,
        0,
        0,
        0,
        null,
        null,
        null,
        1,
        2,
        null,
        null,
        null,
        1,
        null,
        null,
        null,
        null,
        1,
        2,
        null,
        2,
        2,
        2,
        1,
        null,
        2,
        1,
        null,
        null,
        null,
        null,
        null,
        null,
        1,
        0,
        0,
        0,
        0,
        null,
        0,
        0,
        null,
        null,
        null,
        null,
        null,
        null,
        1,
        0,
        0,
        0,
        0,
        null,
        null,
        null,
        1,
        4,
        4,
        null,
        null,
        1,
        null,
        1,
        0,
        null,
        null,
        null,
        1,
        2,
        null,
        null
      ],
      "/home/vlakanie/GitHub/ratebeer/app/controllers/breweries_controller.rb": [
        1,
        1,
        1,
        null,
        null,
        null,
        1,
        3,
        3,
        null,
        null,
        null,
        null,
        1,
        null,
        null,
        null,
        1,
        0,
        null,
        null,
        null,
        1,
        null,
        null,
        null,
        null,
        1,
        0,
        null,
        0,
        0,
        0,
        0,
        null,
        0,
        0,
        null,
        null,
        null,
        null,
        null,
        null,
        1,
        0,
        0,
        0,
        0,
        null,
        0,
        0,
        null,
        null,
        null,
        null,
        null,
        null,
        1,
        0,
        0,
        0,
        0,
        null,
        null,
        null,
        1,
        null,
        1,
        1,
        null,
        null,
        null,
        1,
        0,
        null,
        null
      ],
      "/home/vlakanie/GitHub/ratebeer/lib/beermapping_api.rb": [
        1,
        null,
        1,
        0,
        null,
        null,
        1,
        9,
        14,
        null,
        null,
        1,
        null,
        1,
        0,
        null,
        0,
        0,
        null,
        0,
        null,
        null,
        1,
        5,
        null,
        5,
        5,
        null,
        5,
        null,
        3,
        3,
        11,
        null,
        null,
        null,
        null,
        1,
        5,
        5,
        null,
        null,
        null
      ],
      "/home/vlakanie/GitHub/ratebeer/app/models/place.rb": [
        1,
        1,
        null,
        1,
        null,
        1,
        5,
        null,
        null
      ],
      "/home/vlakanie/GitHub/ratebeer/app/controllers/places_controller.rb": [
        1,
        null,
        1,
        null,
        null,
        1,
        0,
        0,
        null,
        null,
        1,
        3,
        null,
        3,
        1,
        null,
        2,
        null,
        null,
        null,
        null
      ],
      "/home/vlakanie/GitHub/ratebeer/app/controllers/ratings_controller.rb": [
        1,
        1,
        1,
        1,
        1,
        1,
        1,
        null,
        null,
        1,
        1,
        1,
        null,
        null,
        1,
        1,
        1,
        1,
        null,
        null,
        1,
        1,
        null,
        1,
        0,
        1,
        1,
        1,
        null,
        0,
        0,
        null,
        null,
        null
      ],
      "/home/vlakanie/GitHub/ratebeer/app/controllers/styles_controller.rb": [
        0,
        0,
        0,
        0,
        0,
        0,
        0,
        0,
        0,
        0,
        0,
        0,
        0,
        0,
        0,
        0,
        0,
        0,
        0,
        0,
        0,
        0,
        0,
        0,
        0,
        0,
        0,
        0,
        0,
        0,
        0,
        0,
        0,
        0,
        0,
        0,
        0,
        0,
        0,
        0,
        0,
        0,
        0,
        0,
        0,
        0,
        0,
        0,
        0,
        0,
        0,
        0,
        0,
        0,
        0,
        0,
        0,
        0,
        0,
        0,
        0,
        0,
        0,
        0,
        0,
        0,
        0,
        0,
        0,
        0,
        0,
        0,
        0,
        0
      ],
      "/home/vlakanie/GitHub/ratebeer/app/controllers/beer_clubs_controller.rb": [
        0,
        0,
        0,
        0,
        0,
        0,
        0,
        0,
        0,
        0,
        0,
        0,
        0,
        0,
        0,
        0,
        0,
        0,
        0,
        0,
        0,
        0,
        0,
        0,
        0,
        0,
        0,
        0,
        0,
        0,
        0,
        0,
        0,
        0,
        0,
        0,
        0,
        0,
        0,
        0,
        0,
        0,
        0,
        0,
        0,
        0,
        0,
        0,
        0,
        0,
        0,
        0,
        0,
        0,
        0,
        0,
        0,
        0,
        0,
        0,
        0,
        0,
        0,
        0,
        0,
        0,
        0,
        0,
        0,
        0,
        0,
        0,
        0,
        0,
        0,
        0,
        0,
        0,
        0,
        0,
        0,
        0,
        0
      ],
      "/home/vlakanie/GitHub/ratebeer/app/controllers/memberships_controller.rb": [
        0,
        0,
        0,
        0,
        0,
        0,
        0,
        0,
        0,
        0,
        0,
        0,
        0,
        0,
        0,
        0,
        0,
        0,
        0,
        0,
        0,
        0,
        0,
        0,
        0,
        0,
        0,
        0,
        0,
        0,
        0,
        0,
        0,
        0,
        0,
        0,
        0,
        0,
        0,
        0,
        0,
        0,
        0,
        0,
        0,
        0,
        0,
        0,
        0,
        0,
        0,
        0,
        0,
        0,
        0,
        0,
        0,
        0,
        0,
        0,
        0,
        0,
        0,
        0,
        0,
        0,
        0,
        0,
        0,
        0,
        0,
        0,
        0,
        0,
        0,
        0,
        0,
        0
      ]
    },
    "timestamp": 1456271984
  }
}
