{
  "RSpec": {
    "coverage": {
      "/home/vlakanie/GitHub/ratebeer/app/models/rating.rb": [
        1,
        1,
        1,
        null,
        1,
        null,
        null,
        null,
        1,
        24,
        24,
        null,
        null
      ],
      "/home/vlakanie/GitHub/ratebeer/app/helpers/application_helper.rb": [
        1,
        null
      ],
      "/home/vlakanie/GitHub/ratebeer/app/helpers/beer_clubs_helper.rb": [
        1,
        null
      ],
      "/home/vlakanie/GitHub/ratebeer/app/helpers/beers_helper.rb": [
        1,
        null
      ],
      "/home/vlakanie/GitHub/ratebeer/app/helpers/breweries_helper.rb": [
        1,
        null
      ],
      "/home/vlakanie/GitHub/ratebeer/app/helpers/memberships_helper.rb": [
        1,
        null
      ],
      "/home/vlakanie/GitHub/ratebeer/app/helpers/users_helper.rb": [
        1,
        null
      ],
      "/home/vlakanie/GitHub/ratebeer/app/models/beer.rb": [
        1,
        1,
        null,
        1,
        1,
        1,
        null,
        1,
        1,
        null,
        1,
        2,
        null,
        null,
        null
      ],
      "/home/vlakanie/GitHub/ratebeer/lib/rating_average.rb": [
        1,
        1,
        null,
        1,
        7,
        null,
        null
      ],
      "/home/vlakanie/GitHub/ratebeer/app/models/brewery.rb": [
        1,
        1,
        null,
        1,
        1,
        null,
        1,
        1,
        null,
        45,
        null,
        1,
        0,
        0,
        0,
        null,
        null,
        null
      ],
      "/home/vlakanie/GitHub/ratebeer/app/models/user.rb": [
        1,
        1,
        null,
        1,
        null,
        1,
        1,
        1,
        1,
        null,
        1,
        1,
        null,
        1,
        3,
        2,
        null,
        null,
        1,
        8,
        null,
        7,
        7,
        null,
        7,
        20,
        null,
        20,
        11,
        11,
        null,
        9,
        9,
        null,
        null,
        null,
        7,
        null,
        18,
        null,
        7,
        null,
        null,
        1,
        8,
        null,
        7,
        7,
        null,
        7,
        18,
        null,
        18,
        11,
        11,
        null,
        7,
        7,
        null,
        null,
        null,
        7,
        null,
        18,
        null,
        null,
        1,
        14,
        null,
        14,
        22,
        null,
        null,
        14,
        null,
        null,
        1,
        18,
        18,
        null,
        null,
        1,
        20,
        20,
        null,
        20,
        null,
        null,
        null
      ],
      "/home/vlakanie/GitHub/ratebeer/app/controllers/sessions_controller.rb": [
        1,
        1,
        null,
        null,
        null,
        1,
        8,
        null,
        8,
        7,
        7,
        null,
        1,
        null,
        null,
        null,
        1,
        null,
        0,
        null,
        0,
        null,
        null
      ],
      "/home/vlakanie/GitHub/ratebeer/app/controllers/application_controller.rb": [
        1,
        null,
        null,
        1,
        null,
        1,
        null,
        1,
        109,
        74,
        null,
        null,
        1,
        4,
        null,
        null
      ],
      "/home/vlakanie/GitHub/ratebeer/app/controllers/users_controller.rb": [
        1,
        1,
        null,
        null,
        null,
        1,
        0,
        null,
        null,
        null,
        null,
        1,
        null,
        null,
        null,
        1,
        1,
        null,
        null,
        null,
        1,
        null,
        null,
        null,
        null,
        1,
        1,
        null,
        1,
        1,
        2,
        1,
        null,
        0,
        0,
        null,
        null,
        null,
        null,
        null,
        null,
        1,
        0,
        0,
        0,
        0,
        null,
        0,
        0,
        null,
        null,
        null,
        null,
        null,
        null,
        1,
        0,
        null,
        0,
        null,
        0,
        0,
        0,
        null,
        null,
        null,
        1,
        null,
        1,
        14,
        null,
        null,
        null,
        1,
        1,
        null,
        null
      ],
      "/home/vlakanie/GitHub/ratebeer/app/models/membership.rb": [
        1,
        1,
        1,
        null,
        1,
        null
      ],
      "/home/vlakanie/GitHub/ratebeer/app/models/beer_club.rb": [
        1,
        1,
        1,
        null,
        1,
        1,
        1,
        null,
        1,
        0,
        null,
        null
      ],
      "/home/vlakanie/GitHub/ratebeer/app/controllers/beers_controller.rb": [
        1,
        1,
        1,
        1,
        null,
        null,
        null,
        1,
        1,
        null,
        null,
        null,
        null,
        1,
        null,
        null,
        null,
        1,
        2,
        null,
        null,
        null,
        1,
        null,
        null,
        null,
        null,
        1,
        2,
        null,
        2,
        2,
        2,
        1,
        null,
        2,
        1,
        null,
        null,
        null,
        null,
        null,
        null,
        1,
        0,
        0,
        0,
        0,
        null,
        0,
        0,
        null,
        null,
        null,
        null,
        null,
        null,
        1,
        0,
        0,
        0,
        0,
        null,
        null,
        null,
        1,
        4,
        4,
        null,
        null,
        1,
        null,
        1,
        0,
        null,
        null,
        null,
        1,
        2,
        null,
        null
      ],
      "/home/vlakanie/GitHub/ratebeer/app/controllers/breweries_controller.rb": [
        1,
        1,
        1,
        null,
        null,
        null,
        1,
        3,
        null,
        null,
        null,
        null,
        1,
        null,
        null,
        null,
        1,
        0,
        null,
        null,
        null,
        1,
        null,
        null,
        null,
        null,
        1,
        0,
        null,
        0,
        0,
        0,
        0,
        null,
        0,
        0,
        null,
        null,
        null,
        null,
        null,
        null,
        1,
        0,
        0,
        0,
        0,
        null,
        0,
        0,
        null,
        null,
        null,
        null,
        null,
        null,
        1,
        0,
        0,
        0,
        0,
        null,
        null,
        null,
        1,
        null,
        1,
        1,
        null,
        null,
        null,
        1,
        0,
        null,
        null
      ],
      "/home/vlakanie/GitHub/ratebeer/lib/beermapping_api.rb": [
        1,
        null,
        1,
        0,
        null,
        null,
        1,
        9,
        14,
        null,
        null,
        1,
        null,
        1,
        0,
        null,
        0,
        0,
        null,
        0,
        null,
        null,
        1,
        5,
        null,
        5,
        5,
        null,
        5,
        null,
        3,
        3,
        11,
        null,
        null,
        null,
        null,
        1,
        5,
        5,
        null,
        null,
        null
      ],
      "/home/vlakanie/GitHub/ratebeer/app/models/place.rb": [
        1,
        1,
        null,
        1,
        null,
        1,
        5,
        null,
        null
      ],
      "/home/vlakanie/GitHub/ratebeer/app/controllers/places_controller.rb": [
        1,
        null,
        1,
        null,
        null,
        1,
        0,
        0,
        null,
        null,
        1,
        3,
        null,
        3,
        1,
        null,
        2,
        null,
        null,
        null,
        null
      ],
      "/home/vlakanie/GitHub/ratebeer/app/controllers/ratings_controller.rb": [
        1,
        1,
        1,
        null,
        null,
        1,
        1,
        1,
        null,
        null,
        1,
        1,
        1,
        1,
        null,
        null,
        1,
        1,
        null,
        1,
        0,
        1,
        1,
        1,
        null,
        0,
        0,
        null,
        null,
        null
      ],
      "/home/vlakanie/GitHub/ratebeer/app/controllers/beer_clubs_controller.rb": [
        0,
        0,
        0,
        0,
        0,
        0,
        0,
        0,
        0,
        0,
        0,
        0,
        0,
        0,
        0,
        0,
        0,
        0,
        0,
        0,
        0,
        0,
        0,
        0,
        0,
        0,
        0,
        0,
        0,
        0,
        0,
        0,
        0,
        0,
        0,
        0,
        0,
        0,
        0,
        0,
        0,
        0,
        0,
        0,
        0,
        0,
        0,
        0,
        0,
        0,
        0,
        0,
        0,
        0,
        0,
        0,
        0,
        0,
        0,
        0,
        0,
        0,
        0,
        0,
        0,
        0,
        0,
        0,
        0,
        0,
        0,
        0,
        0,
        0,
        0
      ],
      "/home/vlakanie/GitHub/ratebeer/app/controllers/memberships_controller.rb": [
        0,
        0,
        0,
        0,
        0,
        0,
        0,
        0,
        0,
        0,
        0,
        0,
        0,
        0,
        0,
        0,
        0,
        0,
        0,
        0,
        0,
        0,
        0,
        0,
        0,
        0,
        0,
        0,
        0,
        0,
        0,
        0,
        0,
        0,
        0,
        0,
        0,
        0,
        0,
        0,
        0,
        0,
        0,
        0,
        0,
        0,
        0,
        0,
        0,
        0,
        0,
        0,
        0,
        0,
        0,
        0,
        0,
        0,
        0,
        0,
        0,
        0,
        0,
        0,
        0,
        0,
        0,
        0,
        0,
        0,
        0,
        0,
        0,
        0,
        0,
        0,
        0
      ]
    },
    "timestamp": 1455988326
  }
}
